{"C:\\Users\\hp\\OneDrive\\Desktop\\incubytes\\car-dealership-inventory\\backend\\src\\app.js": {"path":"C:\\Users\\hp\\OneDrive\\Desktop\\incubytes\\car-dealership-inventory\\backend\\src\\app.js","statementMap":{"0":{"start":{"line":1,"column":16},"end":{"line":1,"column":34}},"1":{"start":{"line":2,"column":13},"end":{"line":2,"column":28}},"2":{"start":{"line":3,"column":19},"end":{"line":3,"column":49}},"3":{"start":{"line":4,"column":22},"end":{"line":4,"column":55}},"4":{"start":{"line":5,"column":23},"end":{"line":5,"column":57}},"5":{"start":{"line":6,"column":19},"end":{"line":6,"column":49}},"6":{"start":{"line":8,"column":12},"end":{"line":8,"column":21}},"7":{"start":{"line":10,"column":0},"end":{"line":13,"column":4}},"8":{"start":{"line":15,"column":0},"end":{"line":15,"column":24}},"9":{"start":{"line":17,"column":0},"end":{"line":17,"column":33}},"10":{"start":{"line":18,"column":0},"end":{"line":18,"column":40}},"11":{"start":{"line":19,"column":0},"end":{"line":19,"column":42}},"12":{"start":{"line":20,"column":0},"end":{"line":20,"column":34}},"13":{"start":{"line":22,"column":0},"end":{"line":22,"column":21}}},"fnMap":{},"branchMap":{},"s":{"0":2,"1":2,"2":2,"3":2,"4":2,"5":2,"6":2,"7":2,"8":2,"9":2,"10":2,"11":2,"12":2,"13":2},"f":{},"b":{},"_coverageSchema":"1a1c01bbd47fc00a2c39e90264f33305004495a9","hash":"71f19ffaaee4e5d6ad6e90978a58af19e4313396"}
,"C:\\Users\\hp\\OneDrive\\Desktop\\incubytes\\car-dealership-inventory\\backend\\src\\controllers\\authController.js": {"path":"C:\\Users\\hp\\OneDrive\\Desktop\\incubytes\\car-dealership-inventory\\backend\\src\\controllers\\authController.js","statementMap":{"0":{"start":{"line":1,"column":15},"end":{"line":1,"column":32}},"1":{"start":{"line":2,"column":12},"end":{"line":2,"column":35}},"2":{"start":{"line":3,"column":13},"end":{"line":3,"column":38}},"3":{"start":{"line":6,"column":21},"end":{"line":44,"column":1}},"4":{"start":{"line":7,"column":2},"end":{"line":43,"column":3}},"5":{"start":{"line":8,"column":38},"end":{"line":8,"column":46}},"6":{"start":{"line":10,"column":4},"end":{"line":12,"column":5}},"7":{"start":{"line":11,"column":6},"end":{"line":11,"column":73}},"8":{"start":{"line":14,"column":25},"end":{"line":14,"column":54}},"9":{"start":{"line":15,"column":4},"end":{"line":17,"column":5}},"10":{"start":{"line":16,"column":6},"end":{"line":16,"column":70}},"11":{"start":{"line":19,"column":17},"end":{"line":19,"column":41}},"12":{"start":{"line":20,"column":27},"end":{"line":20,"column":60}},"13":{"start":{"line":22,"column":17},"end":{"line":26,"column":6}},"14":{"start":{"line":28,"column":18},"end":{"line":32,"column":5}},"15":{"start":{"line":34,"column":4},"end":{"line":40,"column":7}},"16":{"start":{"line":42,"column":4},"end":{"line":42,"column":53}},"17":{"start":{"line":47,"column":18},"end":{"line":77,"column":1}},"18":{"start":{"line":48,"column":2},"end":{"line":76,"column":3}},"19":{"start":{"line":49,"column":32},"end":{"line":49,"column":40}},"20":{"start":{"line":51,"column":17},"end":{"line":51,"column":46}},"21":{"start":{"line":52,"column":4},"end":{"line":54,"column":5}},"22":{"start":{"line":53,"column":6},"end":{"line":53,"column":76}},"23":{"start":{"line":56,"column":20},"end":{"line":56,"column":65}},"24":{"start":{"line":57,"column":4},"end":{"line":59,"column":5}},"25":{"start":{"line":58,"column":6},"end":{"line":58,"column":76}},"26":{"start":{"line":61,"column":18},"end":{"line":65,"column":5}},"27":{"start":{"line":67,"column":4},"end":{"line":73,"column":7}},"28":{"start":{"line":75,"column":4},"end":{"line":75,"column":53}},"29":{"start":{"line":79,"column":0},"end":{"line":79,"column":45}}},"fnMap":{"0":{"name":"(anonymous_0)","decl":{"start":{"line":6,"column":21},"end":{"line":6,"column":22}},"loc":{"start":{"line":6,"column":41},"end":{"line":44,"column":1}},"line":6},"1":{"name":"(anonymous_1)","decl":{"start":{"line":47,"column":18},"end":{"line":47,"column":19}},"loc":{"start":{"line":47,"column":38},"end":{"line":77,"column":1}},"line":47}},"branchMap":{"0":{"loc":{"start":{"line":10,"column":4},"end":{"line":12,"column":5}},"type":"if","locations":[{"start":{"line":10,"column":4},"end":{"line":12,"column":5}},{"start":{},"end":{}}],"line":10},"1":{"loc":{"start":{"line":10,"column":8},"end":{"line":10,"column":36}},"type":"binary-expr","locations":[{"start":{"line":10,"column":8},"end":{"line":10,"column":13}},{"start":{"line":10,"column":17},"end":{"line":10,"column":23}},{"start":{"line":10,"column":27},"end":{"line":10,"column":36}}],"line":10},"2":{"loc":{"start":{"line":15,"column":4},"end":{"line":17,"column":5}},"type":"if","locations":[{"start":{"line":15,"column":4},"end":{"line":17,"column":5}},{"start":{},"end":{}}],"line":15},"3":{"loc":{"start":{"line":52,"column":4},"end":{"line":54,"column":5}},"type":"if","locations":[{"start":{"line":52,"column":4},"end":{"line":54,"column":5}},{"start":{},"end":{}}],"line":52},"4":{"loc":{"start":{"line":57,"column":4},"end":{"line":59,"column":5}},"type":"if","locations":[{"start":{"line":57,"column":4},"end":{"line":59,"column":5}},{"start":{},"end":{}}],"line":57}},"s":{"0":2,"1":2,"2":2,"3":2,"4":36,"5":36,"6":36,"7":1,"8":35,"9":35,"10":1,"11":34,"12":34,"13":34,"14":34,"15":34,"16":0,"17":2,"18":32,"19":32,"20":32,"21":32,"22":0,"23":32,"24":32,"25":1,"26":31,"27":31,"28":0,"29":2},"f":{"0":36,"1":32},"b":{"0":[1,35],"1":[36,35,35],"2":[1,34],"3":[0,32],"4":[1,31]},"_coverageSchema":"1a1c01bbd47fc00a2c39e90264f33305004495a9","hash":"5e87df58dc9287287c63c0caa7408037df335d8a"}
,"C:\\Users\\hp\\OneDrive\\Desktop\\incubytes\\car-dealership-inventory\\backend\\src\\controllers\\purchaseController.js": {"path":"C:\\Users\\hp\\OneDrive\\Desktop\\incubytes\\car-dealership-inventory\\backend\\src\\controllers\\purchaseController.js","statementMap":{"0":{"start":{"line":1,"column":17},"end":{"line":1,"column":46}},"1":{"start":{"line":4,"column":24},"end":{"line":15,"column":1}},"2":{"start":{"line":5,"column":2},"end":{"line":14,"column":3}},"3":{"start":{"line":6,"column":22},"end":{"line":9,"column":30}},"4":{"start":{"line":11,"column":4},"end":{"line":11,"column":36}},"5":{"start":{"line":13,"column":4},"end":{"line":13,"column":53}},"6":{"start":{"line":18,"column":23},"end":{"line":28,"column":1}},"7":{"start":{"line":19,"column":2},"end":{"line":27,"column":3}},"8":{"start":{"line":20,"column":22},"end":{"line":22,"column":30}},"9":{"start":{"line":24,"column":4},"end":{"line":24,"column":36}},"10":{"start":{"line":26,"column":4},"end":{"line":26,"column":53}},"11":{"start":{"line":31,"column":25},"end":{"line":56,"column":1}},"12":{"start":{"line":32,"column":2},"end":{"line":55,"column":3}},"13":{"start":{"line":33,"column":27},"end":{"line":33,"column":58}},"14":{"start":{"line":36,"column":25},"end":{"line":36,"column":35}},"15":{"start":{"line":37,"column":4},"end":{"line":37,"column":53}},"16":{"start":{"line":39,"column":27},"end":{"line":50,"column":6}},"17":{"start":{"line":52,"column":4},"end":{"line":52,"column":61}},"18":{"start":{"line":54,"column":4},"end":{"line":54,"column":53}},"19":{"start":{"line":58,"column":0},"end":{"line":58,"column":71}}},"fnMap":{"0":{"name":"(anonymous_0)","decl":{"start":{"line":4,"column":24},"end":{"line":4,"column":25}},"loc":{"start":{"line":4,"column":44},"end":{"line":15,"column":1}},"line":4},"1":{"name":"(anonymous_1)","decl":{"start":{"line":18,"column":23},"end":{"line":18,"column":24}},"loc":{"start":{"line":18,"column":43},"end":{"line":28,"column":1}},"line":18},"2":{"name":"(anonymous_2)","decl":{"start":{"line":31,"column":25},"end":{"line":31,"column":26}},"loc":{"start":{"line":31,"column":45},"end":{"line":56,"column":1}},"line":31}},"branchMap":{},"s":{"0":2,"1":2,"2":0,"3":0,"4":0,"5":0,"6":2,"7":0,"8":0,"9":0,"10":0,"11":2,"12":0,"13":0,"14":0,"15":0,"16":0,"17":0,"18":0,"19":2},"f":{"0":0,"1":0,"2":0},"b":{},"_coverageSchema":"1a1c01bbd47fc00a2c39e90264f33305004495a9","hash":"354af1d27b0cf6cb4547fc5000a45a69bcfeb97c"}
,"C:\\Users\\hp\\OneDrive\\Desktop\\incubytes\\car-dealership-inventory\\backend\\src\\controllers\\userController.js": {"path":"C:\\Users\\hp\\OneDrive\\Desktop\\incubytes\\car-dealership-inventory\\backend\\src\\controllers\\userController.js","statementMap":{"0":{"start":{"line":1,"column":13},"end":{"line":1,"column":38}},"1":{"start":{"line":2,"column":15},"end":{"line":2,"column":32}},"2":{"start":{"line":5,"column":20},"end":{"line":12,"column":1}},"3":{"start":{"line":6,"column":2},"end":{"line":11,"column":3}},"4":{"start":{"line":7,"column":18},"end":{"line":7,"column":79}},"5":{"start":{"line":8,"column":4},"end":{"line":8,"column":32}},"6":{"start":{"line":10,"column":4},"end":{"line":10,"column":53}},"7":{"start":{"line":15,"column":19},"end":{"line":25,"column":1}},"8":{"start":{"line":16,"column":2},"end":{"line":24,"column":3}},"9":{"start":{"line":17,"column":17},"end":{"line":17,"column":69}},"10":{"start":{"line":18,"column":4},"end":{"line":20,"column":5}},"11":{"start":{"line":19,"column":6},"end":{"line":19,"column":65}},"12":{"start":{"line":21,"column":4},"end":{"line":21,"column":31}},"13":{"start":{"line":23,"column":4},"end":{"line":23,"column":53}},"14":{"start":{"line":28,"column":22},"end":{"line":56,"column":1}},"15":{"start":{"line":29,"column":2},"end":{"line":55,"column":3}},"16":{"start":{"line":30,"column":38},"end":{"line":30,"column":46}},"17":{"start":{"line":31,"column":17},"end":{"line":31,"column":49}},"18":{"start":{"line":33,"column":4},"end":{"line":35,"column":5}},"19":{"start":{"line":34,"column":6},"end":{"line":34,"column":65}},"20":{"start":{"line":37,"column":4},"end":{"line":37,"column":31}},"21":{"start":{"line":37,"column":14},"end":{"line":37,"column":31}},"22":{"start":{"line":38,"column":4},"end":{"line":38,"column":34}},"23":{"start":{"line":38,"column":15},"end":{"line":38,"column":34}},"24":{"start":{"line":40,"column":4},"end":{"line":43,"column":5}},"25":{"start":{"line":41,"column":19},"end":{"line":41,"column":43}},"26":{"start":{"line":42,"column":6},"end":{"line":42,"column":56}},"27":{"start":{"line":45,"column":24},"end":{"line":45,"column":41}},"28":{"start":{"line":47,"column":4},"end":{"line":52,"column":7}},"29":{"start":{"line":54,"column":4},"end":{"line":54,"column":53}},"30":{"start":{"line":59,"column":19},"end":{"line":69,"column":1}},"31":{"start":{"line":60,"column":2},"end":{"line":68,"column":3}},"32":{"start":{"line":61,"column":17},"end":{"line":61,"column":60}},"33":{"start":{"line":62,"column":4},"end":{"line":64,"column":5}},"34":{"start":{"line":63,"column":6},"end":{"line":63,"column":65}},"35":{"start":{"line":65,"column":4},"end":{"line":65,"column":54}},"36":{"start":{"line":67,"column":4},"end":{"line":67,"column":53}},"37":{"start":{"line":72,"column":23},"end":{"line":89,"column":1}},"38":{"start":{"line":73,"column":2},"end":{"line":88,"column":3}},"39":{"start":{"line":74,"column":21},"end":{"line":74,"column":29}},"40":{"start":{"line":75,"column":17},"end":{"line":79,"column":25}},"41":{"start":{"line":81,"column":4},"end":{"line":83,"column":5}},"42":{"start":{"line":82,"column":6},"end":{"line":82,"column":65}},"43":{"start":{"line":85,"column":4},"end":{"line":85,"column":31}},"44":{"start":{"line":87,"column":4},"end":{"line":87,"column":53}},"45":{"start":{"line":91,"column":0},"end":{"line":97,"column":2}}},"fnMap":{"0":{"name":"(anonymous_0)","decl":{"start":{"line":5,"column":20},"end":{"line":5,"column":21}},"loc":{"start":{"line":5,"column":40},"end":{"line":12,"column":1}},"line":5},"1":{"name":"(anonymous_1)","decl":{"start":{"line":15,"column":19},"end":{"line":15,"column":20}},"loc":{"start":{"line":15,"column":39},"end":{"line":25,"column":1}},"line":15},"2":{"name":"(anonymous_2)","decl":{"start":{"line":28,"column":22},"end":{"line":28,"column":23}},"loc":{"start":{"line":28,"column":42},"end":{"line":56,"column":1}},"line":28},"3":{"name":"(anonymous_3)","decl":{"start":{"line":59,"column":19},"end":{"line":59,"column":20}},"loc":{"start":{"line":59,"column":39},"end":{"line":69,"column":1}},"line":59},"4":{"name":"(anonymous_4)","decl":{"start":{"line":72,"column":23},"end":{"line":72,"column":24}},"loc":{"start":{"line":72,"column":43},"end":{"line":89,"column":1}},"line":72}},"branchMap":{"0":{"loc":{"start":{"line":18,"column":4},"end":{"line":20,"column":5}},"type":"if","locations":[{"start":{"line":18,"column":4},"end":{"line":20,"column":5}},{"start":{},"end":{}}],"line":18},"1":{"loc":{"start":{"line":33,"column":4},"end":{"line":35,"column":5}},"type":"if","locations":[{"start":{"line":33,"column":4},"end":{"line":35,"column":5}},{"start":{},"end":{}}],"line":33},"2":{"loc":{"start":{"line":37,"column":4},"end":{"line":37,"column":31}},"type":"if","locations":[{"start":{"line":37,"column":4},"end":{"line":37,"column":31}},{"start":{},"end":{}}],"line":37},"3":{"loc":{"start":{"line":38,"column":4},"end":{"line":38,"column":34}},"type":"if","locations":[{"start":{"line":38,"column":4},"end":{"line":38,"column":34}},{"start":{},"end":{}}],"line":38},"4":{"loc":{"start":{"line":40,"column":4},"end":{"line":43,"column":5}},"type":"if","locations":[{"start":{"line":40,"column":4},"end":{"line":43,"column":5}},{"start":{},"end":{}}],"line":40},"5":{"loc":{"start":{"line":62,"column":4},"end":{"line":64,"column":5}},"type":"if","locations":[{"start":{"line":62,"column":4},"end":{"line":64,"column":5}},{"start":{},"end":{}}],"line":62},"6":{"loc":{"start":{"line":81,"column":4},"end":{"line":83,"column":5}},"type":"if","locations":[{"start":{"line":81,"column":4},"end":{"line":83,"column":5}},{"start":{},"end":{}}],"line":81}},"s":{"0":2,"1":2,"2":2,"3":0,"4":0,"5":0,"6":0,"7":2,"8":0,"9":0,"10":0,"11":0,"12":0,"13":0,"14":2,"15":0,"16":0,"17":0,"18":0,"19":0,"20":0,"21":0,"22":0,"23":0,"24":0,"25":0,"26":0,"27":0,"28":0,"29":0,"30":2,"31":0,"32":0,"33":0,"34":0,"35":0,"36":0,"37":2,"38":0,"39":0,"40":0,"41":0,"42":0,"43":0,"44":0,"45":2},"f":{"0":0,"1":0,"2":0,"3":0,"4":0},"b":{"0":[0,0],"1":[0,0],"2":[0,0],"3":[0,0],"4":[0,0],"5":[0,0],"6":[0,0]},"_coverageSchema":"1a1c01bbd47fc00a2c39e90264f33305004495a9","hash":"7242ebcf9cb9ef121d17395a135ae3ce04a96929"}
,"C:\\Users\\hp\\OneDrive\\Desktop\\incubytes\\car-dealership-inventory\\backend\\src\\controllers\\vehicleController.js": {"path":"C:\\Users\\hp\\OneDrive\\Desktop\\incubytes\\car-dealership-inventory\\backend\\src\\controllers\\vehicleController.js","statementMap":{"0":{"start":{"line":1,"column":16},"end":{"line":1,"column":44}},"1":{"start":{"line":2,"column":17},"end":{"line":2,"column":46}},"2":{"start":{"line":5,"column":19},"end":{"line":31,"column":1}},"3":{"start":{"line":6,"column":2},"end":{"line":30,"column":3}},"4":{"start":{"line":7,"column":68},"end":{"line":7,"column":76}},"5":{"start":{"line":9,"column":4},"end":{"line":11,"column":5}},"6":{"start":{"line":10,"column":6},"end":{"line":10,"column":78}},"7":{"start":{"line":13,"column":19},"end":{"line":15,"column":10}},"8":{"start":{"line":14,"column":29},"end":{"line":14,"column":53}},"9":{"start":{"line":17,"column":20},"end":{"line":25,"column":6}},"10":{"start":{"line":27,"column":4},"end":{"line":27,"column":34}},"11":{"start":{"line":29,"column":4},"end":{"line":29,"column":53}},"12":{"start":{"line":34,"column":20},"end":{"line":61,"column":1}},"13":{"start":{"line":35,"column":2},"end":{"line":60,"column":3}},"14":{"start":{"line":36,"column":19},"end":{"line":36,"column":39}},"15":{"start":{"line":37,"column":4},"end":{"line":56,"column":5}},"16":{"start":{"line":38,"column":30},"end":{"line":53,"column":7}},"17":{"start":{"line":54,"column":6},"end":{"line":54,"column":48}},"18":{"start":{"line":55,"column":6},"end":{"line":55,"column":38}},"19":{"start":{"line":57,"column":4},"end":{"line":57,"column":35}},"20":{"start":{"line":59,"column":4},"end":{"line":59,"column":53}},"21":{"start":{"line":64,"column":23},"end":{"line":74,"column":1}},"22":{"start":{"line":65,"column":2},"end":{"line":73,"column":3}},"23":{"start":{"line":66,"column":20},"end":{"line":66,"column":57}},"24":{"start":{"line":67,"column":4},"end":{"line":69,"column":5}},"25":{"start":{"line":68,"column":6},"end":{"line":68,"column":68}},"26":{"start":{"line":70,"column":4},"end":{"line":70,"column":34}},"27":{"start":{"line":72,"column":4},"end":{"line":72,"column":53}},"28":{"start":{"line":77,"column":23},"end":{"line":97,"column":1}},"29":{"start":{"line":78,"column":2},"end":{"line":96,"column":3}},"30":{"start":{"line":79,"column":58},"end":{"line":79,"column":67}},"31":{"start":{"line":80,"column":19},"end":{"line":80,"column":21}},"32":{"start":{"line":82,"column":4},"end":{"line":82,"column":33}},"33":{"start":{"line":82,"column":14},"end":{"line":82,"column":33}},"34":{"start":{"line":83,"column":4},"end":{"line":83,"column":36}},"35":{"start":{"line":83,"column":15},"end":{"line":83,"column":36}},"36":{"start":{"line":84,"column":4},"end":{"line":84,"column":45}},"37":{"start":{"line":84,"column":18},"end":{"line":84,"column":45}},"38":{"start":{"line":86,"column":4},"end":{"line":90,"column":5}},"39":{"start":{"line":87,"column":6},"end":{"line":87,"column":24}},"40":{"start":{"line":88,"column":6},"end":{"line":88,"column":57}},"41":{"start":{"line":88,"column":20},"end":{"line":88,"column":57}},"42":{"start":{"line":89,"column":6},"end":{"line":89,"column":57}},"43":{"start":{"line":89,"column":20},"end":{"line":89,"column":57}},"44":{"start":{"line":92,"column":21},"end":{"line":92,"column":47}},"45":{"start":{"line":93,"column":4},"end":{"line":93,"column":35}},"46":{"start":{"line":95,"column":4},"end":{"line":95,"column":53}},"47":{"start":{"line":100,"column":22},"end":{"line":122,"column":1}},"48":{"start":{"line":101,"column":2},"end":{"line":121,"column":3}},"49":{"start":{"line":102,"column":23},"end":{"line":102,"column":38}},"50":{"start":{"line":104,"column":4},"end":{"line":106,"column":5}},"51":{"start":{"line":105,"column":6},"end":{"line":105,"column":73}},"52":{"start":{"line":105,"column":47},"end":{"line":105,"column":71}},"53":{"start":{"line":108,"column":20},"end":{"line":112,"column":5}},"54":{"start":{"line":114,"column":4},"end":{"line":116,"column":5}},"55":{"start":{"line":115,"column":6},"end":{"line":115,"column":68}},"56":{"start":{"line":118,"column":4},"end":{"line":118,"column":34}},"57":{"start":{"line":120,"column":4},"end":{"line":120,"column":53}},"58":{"start":{"line":125,"column":22},"end":{"line":137,"column":1}},"59":{"start":{"line":126,"column":2},"end":{"line":136,"column":3}},"60":{"start":{"line":127,"column":20},"end":{"line":127,"column":66}},"61":{"start":{"line":129,"column":4},"end":{"line":131,"column":5}},"62":{"start":{"line":130,"column":6},"end":{"line":130,"column":68}},"63":{"start":{"line":133,"column":4},"end":{"line":133,"column":57}},"64":{"start":{"line":135,"column":4},"end":{"line":135,"column":53}},"65":{"start":{"line":140,"column":24},"end":{"line":168,"column":1}},"66":{"start":{"line":141,"column":2},"end":{"line":167,"column":3}},"67":{"start":{"line":142,"column":20},"end":{"line":142,"column":57}},"68":{"start":{"line":144,"column":4},"end":{"line":146,"column":5}},"69":{"start":{"line":145,"column":6},"end":{"line":145,"column":68}},"70":{"start":{"line":148,"column":4},"end":{"line":150,"column":5}},"71":{"start":{"line":149,"column":6},"end":{"line":149,"column":74}},"72":{"start":{"line":152,"column":4},"end":{"line":152,"column":26}},"73":{"start":{"line":153,"column":4},"end":{"line":153,"column":25}},"74":{"start":{"line":156,"column":4},"end":{"line":162,"column":7}},"75":{"start":{"line":164,"column":4},"end":{"line":164,"column":34}},"76":{"start":{"line":166,"column":4},"end":{"line":166,"column":53}},"77":{"start":{"line":171,"column":23},"end":{"line":187,"column":1}},"78":{"start":{"line":172,"column":2},"end":{"line":186,"column":3}},"79":{"start":{"line":173,"column":23},"end":{"line":173,"column":31}},"80":{"start":{"line":174,"column":20},"end":{"line":174,"column":57}},"81":{"start":{"line":176,"column":4},"end":{"line":178,"column":5}},"82":{"start":{"line":177,"column":6},"end":{"line":177,"column":68}},"83":{"start":{"line":180,"column":4},"end":{"line":180,"column":36}},"84":{"start":{"line":181,"column":4},"end":{"line":181,"column":25}},"85":{"start":{"line":183,"column":4},"end":{"line":183,"column":34}},"86":{"start":{"line":185,"column":4},"end":{"line":185,"column":53}},"87":{"start":{"line":189,"column":0},"end":{"line":198,"column":2}}},"fnMap":{"0":{"name":"(anonymous_0)","decl":{"start":{"line":5,"column":19},"end":{"line":5,"column":20}},"loc":{"start":{"line":5,"column":39},"end":{"line":31,"column":1}},"line":5},"1":{"name":"(anonymous_1)","decl":{"start":{"line":14,"column":22},"end":{"line":14,"column":23}},"loc":{"start":{"line":14,"column":29},"end":{"line":14,"column":53}},"line":14},"2":{"name":"(anonymous_2)","decl":{"start":{"line":34,"column":20},"end":{"line":34,"column":21}},"loc":{"start":{"line":34,"column":40},"end":{"line":61,"column":1}},"line":34},"3":{"name":"(anonymous_3)","decl":{"start":{"line":64,"column":23},"end":{"line":64,"column":24}},"loc":{"start":{"line":64,"column":43},"end":{"line":74,"column":1}},"line":64},"4":{"name":"(anonymous_4)","decl":{"start":{"line":77,"column":23},"end":{"line":77,"column":24}},"loc":{"start":{"line":77,"column":43},"end":{"line":97,"column":1}},"line":77},"5":{"name":"(anonymous_5)","decl":{"start":{"line":100,"column":22},"end":{"line":100,"column":23}},"loc":{"start":{"line":100,"column":42},"end":{"line":122,"column":1}},"line":100},"6":{"name":"(anonymous_6)","decl":{"start":{"line":105,"column":40},"end":{"line":105,"column":41}},"loc":{"start":{"line":105,"column":47},"end":{"line":105,"column":71}},"line":105},"7":{"name":"(anonymous_7)","decl":{"start":{"line":125,"column":22},"end":{"line":125,"column":23}},"loc":{"start":{"line":125,"column":42},"end":{"line":137,"column":1}},"line":125},"8":{"name":"(anonymous_8)","decl":{"start":{"line":140,"column":24},"end":{"line":140,"column":25}},"loc":{"start":{"line":140,"column":44},"end":{"line":168,"column":1}},"line":140},"9":{"name":"(anonymous_9)","decl":{"start":{"line":171,"column":23},"end":{"line":171,"column":24}},"loc":{"start":{"line":171,"column":43},"end":{"line":187,"column":1}},"line":171}},"branchMap":{"0":{"loc":{"start":{"line":9,"column":4},"end":{"line":11,"column":5}},"type":"if","locations":[{"start":{"line":9,"column":4},"end":{"line":11,"column":5}},{"start":{},"end":{}}],"line":9},"1":{"loc":{"start":{"line":9,"column":8},"end":{"line":9,"column":59}},"type":"binary-expr","locations":[{"start":{"line":9,"column":8},"end":{"line":9,"column":13}},{"start":{"line":9,"column":17},"end":{"line":9,"column":23}},{"start":{"line":9,"column":27},"end":{"line":9,"column":36}},{"start":{"line":9,"column":40},"end":{"line":9,"column":59}}],"line":9},"2":{"loc":{"start":{"line":13,"column":19},"end":{"line":15,"column":10}},"type":"cond-expr","locations":[{"start":{"line":14,"column":8},"end":{"line":14,"column":54}},{"start":{"line":15,"column":8},"end":{"line":15,"column":10}}],"line":13},"3":{"loc":{"start":{"line":22,"column":16},"end":{"line":22,"column":29}},"type":"binary-expr","locations":[{"start":{"line":22,"column":16},"end":{"line":22,"column":24}},{"start":{"line":22,"column":28},"end":{"line":22,"column":29}}],"line":22},"4":{"loc":{"start":{"line":37,"column":4},"end":{"line":56,"column":5}},"type":"if","locations":[{"start":{"line":37,"column":4},"end":{"line":56,"column":5}},{"start":{},"end":{}}],"line":37},"5":{"loc":{"start":{"line":37,"column":8},"end":{"line":37,"column":42}},"type":"binary-expr","locations":[{"start":{"line":37,"column":8},"end":{"line":37,"column":17}},{"start":{"line":37,"column":21},"end":{"line":37,"column":42}}],"line":37},"6":{"loc":{"start":{"line":67,"column":4},"end":{"line":69,"column":5}},"type":"if","locations":[{"start":{"line":67,"column":4},"end":{"line":69,"column":5}},{"start":{},"end":{}}],"line":67},"7":{"loc":{"start":{"line":82,"column":4},"end":{"line":82,"column":33}},"type":"if","locations":[{"start":{"line":82,"column":4},"end":{"line":82,"column":33}},{"start":{},"end":{}}],"line":82},"8":{"loc":{"start":{"line":83,"column":4},"end":{"line":83,"column":36}},"type":"if","locations":[{"start":{"line":83,"column":4},"end":{"line":83,"column":36}},{"start":{},"end":{}}],"line":83},"9":{"loc":{"start":{"line":84,"column":4},"end":{"line":84,"column":45}},"type":"if","locations":[{"start":{"line":84,"column":4},"end":{"line":84,"column":45}},{"start":{},"end":{}}],"line":84},"10":{"loc":{"start":{"line":86,"column":4},"end":{"line":90,"column":5}},"type":"if","locations":[{"start":{"line":86,"column":4},"end":{"line":90,"column":5}},{"start":{},"end":{}}],"line":86},"11":{"loc":{"start":{"line":86,"column":8},"end":{"line":86,"column":28}},"type":"binary-expr","locations":[{"start":{"line":86,"column":8},"end":{"line":86,"column":16}},{"start":{"line":86,"column":20},"end":{"line":86,"column":28}}],"line":86},"12":{"loc":{"start":{"line":88,"column":6},"end":{"line":88,"column":57}},"type":"if","locations":[{"start":{"line":88,"column":6},"end":{"line":88,"column":57}},{"start":{},"end":{}}],"line":88},"13":{"loc":{"start":{"line":89,"column":6},"end":{"line":89,"column":57}},"type":"if","locations":[{"start":{"line":89,"column":6},"end":{"line":89,"column":57}},{"start":{},"end":{}}],"line":89},"14":{"loc":{"start":{"line":104,"column":4},"end":{"line":106,"column":5}},"type":"if","locations":[{"start":{"line":104,"column":4},"end":{"line":106,"column":5}},{"start":{},"end":{}}],"line":104},"15":{"loc":{"start":{"line":104,"column":8},"end":{"line":104,"column":41}},"type":"binary-expr","locations":[{"start":{"line":104,"column":8},"end":{"line":104,"column":17}},{"start":{"line":104,"column":21},"end":{"line":104,"column":41}}],"line":104},"16":{"loc":{"start":{"line":114,"column":4},"end":{"line":116,"column":5}},"type":"if","locations":[{"start":{"line":114,"column":4},"end":{"line":116,"column":5}},{"start":{},"end":{}}],"line":114},"17":{"loc":{"start":{"line":129,"column":4},"end":{"line":131,"column":5}},"type":"if","locations":[{"start":{"line":129,"column":4},"end":{"line":131,"column":5}},{"start":{},"end":{}}],"line":129},"18":{"loc":{"start":{"line":144,"column":4},"end":{"line":146,"column":5}},"type":"if","locations":[{"start":{"line":144,"column":4},"end":{"line":146,"column":5}},{"start":{},"end":{}}],"line":144},"19":{"loc":{"start":{"line":148,"column":4},"end":{"line":150,"column":5}},"type":"if","locations":[{"start":{"line":148,"column":4},"end":{"line":150,"column":5}},{"start":{},"end":{}}],"line":148},"20":{"loc":{"start":{"line":176,"column":4},"end":{"line":178,"column":5}},"type":"if","locations":[{"start":{"line":176,"column":4},"end":{"line":178,"column":5}},{"start":{},"end":{}}],"line":176},"21":{"loc":{"start":{"line":180,"column":24},"end":{"line":180,"column":35}},"type":"binary-expr","locations":[{"start":{"line":180,"column":24},"end":{"line":180,"column":30}},{"start":{"line":180,"column":34},"end":{"line":180,"column":35}}],"line":180}},"s":{"0":2,"1":2,"2":2,"3":14,"4":14,"5":14,"6":1,"7":13,"8":0,"9":13,"10":13,"11":0,"12":2,"13":2,"14":2,"15":2,"16":1,"17":1,"18":1,"19":2,"20":0,"21":2,"22":0,"23":0,"24":0,"25":0,"26":0,"27":0,"28":2,"29":2,"30":2,"31":2,"32":2,"33":1,"34":2,"35":0,"36":2,"37":0,"38":2,"39":1,"40":1,"41":1,"42":1,"43":1,"44":2,"45":2,"46":0,"47":2,"48":1,"49":1,"50":1,"51":0,"52":0,"53":1,"54":1,"55":0,"56":1,"57":0,"58":2,"59":1,"60":1,"61":1,"62":0,"63":1,"64":0,"65":2,"66":2,"67":2,"68":2,"69":0,"70":2,"71":1,"72":1,"73":1,"74":1,"75":1,"76":0,"77":2,"78":1,"79":1,"80":1,"81":1,"82":0,"83":1,"84":1,"85":1,"86":0,"87":2},"f":{"0":14,"1":0,"2":2,"3":0,"4":2,"5":1,"6":0,"7":1,"8":2,"9":1},"b":{"0":[1,13],"1":[14,14,13,13],"2":[0,13],"3":[13,1],"4":[1,1],"5":[2,2],"6":[0,0],"7":[1,1],"8":[0,2],"9":[0,2],"10":[1,1],"11":[2,1],"12":[1,0],"13":[1,0],"14":[0,1],"15":[1,0],"16":[0,1],"17":[0,1],"18":[0,2],"19":[1,1],"20":[0,1],"21":[1,0]},"_coverageSchema":"1a1c01bbd47fc00a2c39e90264f33305004495a9","hash":"a26c7a2712411e8c81bbf7b3d6db47154201e198"}
,"C:\\Users\\hp\\OneDrive\\Desktop\\incubytes\\car-dealership-inventory\\backend\\src\\middleware\\adminMiddleware.js": {"path":"C:\\Users\\hp\\OneDrive\\Desktop\\incubytes\\car-dealership-inventory\\backend\\src\\middleware\\adminMiddleware.js","statementMap":{"0":{"start":{"line":1,"column":16},"end":{"line":7,"column":1}},"1":{"start":{"line":2,"column":2},"end":{"line":6,"column":3}},"2":{"start":{"line":3,"column":4},"end":{"line":3,"column":11}},"3":{"start":{"line":5,"column":4},"end":{"line":5,"column":75}},"4":{"start":{"line":9,"column":0},"end":{"line":9,"column":25}}},"fnMap":{"0":{"name":"(anonymous_0)","decl":{"start":{"line":1,"column":16},"end":{"line":1,"column":17}},"loc":{"start":{"line":1,"column":36},"end":{"line":7,"column":1}},"line":1}},"branchMap":{"0":{"loc":{"start":{"line":2,"column":2},"end":{"line":6,"column":3}},"type":"if","locations":[{"start":{"line":2,"column":2},"end":{"line":6,"column":3}},{"start":{"line":4,"column":9},"end":{"line":6,"column":3}}],"line":2},"1":{"loc":{"start":{"line":2,"column":6},"end":{"line":2,"column":43}},"type":"binary-expr","locations":[{"start":{"line":2,"column":6},"end":{"line":2,"column":14}},{"start":{"line":2,"column":18},"end":{"line":2,"column":43}}],"line":2}},"s":{"0":2,"1":19,"2":17,"3":2,"4":2},"f":{"0":19},"b":{"0":[17,2],"1":[19,19]},"_coverageSchema":"1a1c01bbd47fc00a2c39e90264f33305004495a9","hash":"a935b63b50d037ba19e95fdb0cfb9557c4792d54"}
,"C:\\Users\\hp\\OneDrive\\Desktop\\incubytes\\car-dealership-inventory\\backend\\src\\middleware\\authMiddleware.js": {"path":"C:\\Users\\hp\\OneDrive\\Desktop\\incubytes\\car-dealership-inventory\\backend\\src\\middleware\\authMiddleware.js","statementMap":{"0":{"start":{"line":1,"column":12},"end":{"line":1,"column":35}},"1":{"start":{"line":3,"column":20},"end":{"line":19,"column":1}},"2":{"start":{"line":4,"column":21},"end":{"line":4,"column":49}},"3":{"start":{"line":6,"column":2},"end":{"line":8,"column":3}},"4":{"start":{"line":7,"column":4},"end":{"line":7,"column":72}},"5":{"start":{"line":10,"column":16},"end":{"line":10,"column":40}},"6":{"start":{"line":12,"column":2},"end":{"line":18,"column":3}},"7":{"start":{"line":13,"column":20},"end":{"line":13,"column":61}},"8":{"start":{"line":14,"column":4},"end":{"line":14,"column":23}},"9":{"start":{"line":15,"column":4},"end":{"line":15,"column":11}},"10":{"start":{"line":17,"column":4},"end":{"line":17,"column":62}},"11":{"start":{"line":21,"column":0},"end":{"line":21,"column":29}}},"fnMap":{"0":{"name":"(anonymous_0)","decl":{"start":{"line":3,"column":20},"end":{"line":3,"column":21}},"loc":{"start":{"line":3,"column":40},"end":{"line":19,"column":1}},"line":3}},"branchMap":{"0":{"loc":{"start":{"line":6,"column":2},"end":{"line":8,"column":3}},"type":"if","locations":[{"start":{"line":6,"column":2},"end":{"line":8,"column":3}},{"start":{},"end":{}}],"line":6},"1":{"loc":{"start":{"line":6,"column":6},"end":{"line":6,"column":54}},"type":"binary-expr","locations":[{"start":{"line":6,"column":6},"end":{"line":6,"column":17}},{"start":{"line":6,"column":21},"end":{"line":6,"column":54}}],"line":6}},"s":{"0":2,"1":2,"2":27,"3":27,"4":1,"5":26,"6":26,"7":26,"8":25,"9":25,"10":1,"11":2},"f":{"0":27},"b":{"0":[1,26],"1":[27,26]},"_coverageSchema":"1a1c01bbd47fc00a2c39e90264f33305004495a9","hash":"398e89a189a3b7cb6cfaafebe3d8207fafdfafb1"}
,"C:\\Users\\hp\\OneDrive\\Desktop\\incubytes\\car-dealership-inventory\\backend\\src\\middleware\\uploadMiddleware.js": {"path":"C:\\Users\\hp\\OneDrive\\Desktop\\incubytes\\car-dealership-inventory\\backend\\src\\middleware\\uploadMiddleware.js","statementMap":{"0":{"start":{"line":1,"column":15},"end":{"line":1,"column":32}},"1":{"start":{"line":2,"column":13},"end":{"line":2,"column":28}},"2":{"start":{"line":4,"column":16},"end":{"line":12,"column":2}},"3":{"start":{"line":6,"column":4},"end":{"line":6,"column":29}},"4":{"start":{"line":9,"column":23},"end":{"line":9,"column":59}},"5":{"start":{"line":10,"column":4},"end":{"line":10,"column":25}},"6":{"start":{"line":14,"column":19},"end":{"line":24,"column":1}},"7":{"start":{"line":15,"column":23},"end":{"line":15,"column":42}},"8":{"start":{"line":16,"column":18},"end":{"line":18,"column":3}},"9":{"start":{"line":19,"column":2},"end":{"line":23,"column":3}},"10":{"start":{"line":20,"column":4},"end":{"line":20,"column":19}},"11":{"start":{"line":22,"column":4},"end":{"line":22,"column":50}},"12":{"start":{"line":26,"column":15},"end":{"line":30,"column":2}},"13":{"start":{"line":32,"column":0},"end":{"line":32,"column":24}}},"fnMap":{"0":{"name":"(anonymous_0)","decl":{"start":{"line":5,"column":15},"end":{"line":5,"column":16}},"loc":{"start":{"line":5,"column":34},"end":{"line":7,"column":3}},"line":5},"1":{"name":"(anonymous_1)","decl":{"start":{"line":8,"column":12},"end":{"line":8,"column":13}},"loc":{"start":{"line":8,"column":31},"end":{"line":11,"column":3}},"line":8},"2":{"name":"(anonymous_2)","decl":{"start":{"line":14,"column":19},"end":{"line":14,"column":20}},"loc":{"start":{"line":14,"column":38},"end":{"line":24,"column":1}},"line":14}},"branchMap":{"0":{"loc":{"start":{"line":19,"column":2},"end":{"line":23,"column":3}},"type":"if","locations":[{"start":{"line":19,"column":2},"end":{"line":23,"column":3}},{"start":{"line":21,"column":9},"end":{"line":23,"column":3}}],"line":19}},"s":{"0":2,"1":2,"2":2,"3":0,"4":0,"5":0,"6":2,"7":0,"8":0,"9":0,"10":0,"11":0,"12":2,"13":2},"f":{"0":0,"1":0,"2":0},"b":{"0":[0,0]},"_coverageSchema":"1a1c01bbd47fc00a2c39e90264f33305004495a9","hash":"99594ddfd0822417be705366f5451cfc961d7f91"}
,"C:\\Users\\hp\\OneDrive\\Desktop\\incubytes\\car-dealership-inventory\\backend\\src\\models\\Purchase.js": {"path":"C:\\Users\\hp\\OneDrive\\Desktop\\incubytes\\car-dealership-inventory\\backend\\src\\models\\Purchase.js","statementMap":{"0":{"start":{"line":1,"column":17},"end":{"line":1,"column":36}},"1":{"start":{"line":3,"column":23},"end":{"line":26,"column":24}},"2":{"start":{"line":28,"column":0},"end":{"line":28,"column":60}}},"fnMap":{},"branchMap":{},"s":{"0":2,"1":2,"2":2},"f":{},"b":{},"_coverageSchema":"1a1c01bbd47fc00a2c39e90264f33305004495a9","hash":"87ff839bf6c4607661e82a7e98b484105d9048b0"}
,"C:\\Users\\hp\\OneDrive\\Desktop\\incubytes\\car-dealership-inventory\\backend\\src\\models\\User.js": {"path":"C:\\Users\\hp\\OneDrive\\Desktop\\incubytes\\car-dealership-inventory\\backend\\src\\models\\User.js","statementMap":{"0":{"start":{"line":1,"column":17},"end":{"line":1,"column":36}},"1":{"start":{"line":3,"column":19},"end":{"line":22,"column":24}},"2":{"start":{"line":24,"column":0},"end":{"line":24,"column":52}}},"fnMap":{},"branchMap":{},"s":{"0":2,"1":2,"2":2},"f":{},"b":{},"_coverageSchema":"1a1c01bbd47fc00a2c39e90264f33305004495a9","hash":"967e92cc56af8c259bfb91e160fe410b666e8479"}
,"C:\\Users\\hp\\OneDrive\\Desktop\\incubytes\\car-dealership-inventory\\backend\\src\\models\\Vehicle.js": {"path":"C:\\Users\\hp\\OneDrive\\Desktop\\incubytes\\car-dealership-inventory\\backend\\src\\models\\Vehicle.js","statementMap":{"0":{"start":{"line":1,"column":17},"end":{"line":1,"column":36}},"1":{"start":{"line":3,"column":22},"end":{"line":33,"column":24}},"2":{"start":{"line":35,"column":0},"end":{"line":35,"column":58}}},"fnMap":{},"branchMap":{},"s":{"0":2,"1":2,"2":2},"f":{},"b":{},"_coverageSchema":"1a1c01bbd47fc00a2c39e90264f33305004495a9","hash":"2ef445c08ddf2aae31e2e2e5bd6490dca2644387"}
,"C:\\Users\\hp\\OneDrive\\Desktop\\incubytes\\car-dealership-inventory\\backend\\src\\routes\\authRoutes.js": {"path":"C:\\Users\\hp\\OneDrive\\Desktop\\incubytes\\car-dealership-inventory\\backend\\src\\routes\\authRoutes.js","statementMap":{"0":{"start":{"line":1,"column":16},"end":{"line":1,"column":34}},"1":{"start":{"line":2,"column":15},"end":{"line":2,"column":31}},"2":{"start":{"line":3,"column":36},"end":{"line":3,"column":76}},"3":{"start":{"line":5,"column":0},"end":{"line":5,"column":39}},"4":{"start":{"line":6,"column":0},"end":{"line":6,"column":33}},"5":{"start":{"line":8,"column":0},"end":{"line":8,"column":24}}},"fnMap":{},"branchMap":{},"s":{"0":2,"1":2,"2":2,"3":2,"4":2,"5":2},"f":{},"b":{},"_coverageSchema":"1a1c01bbd47fc00a2c39e90264f33305004495a9","hash":"f8de3a784664c6a3b86eb846f3b8da09407901c4"}
,"C:\\Users\\hp\\OneDrive\\Desktop\\incubytes\\car-dealership-inventory\\backend\\src\\routes\\purchaseRoutes.js": {"path":"C:\\Users\\hp\\OneDrive\\Desktop\\incubytes\\car-dealership-inventory\\backend\\src\\routes\\purchaseRoutes.js","statementMap":{"0":{"start":{"line":1,"column":16},"end":{"line":1,"column":34}},"1":{"start":{"line":2,"column":15},"end":{"line":2,"column":31}},"2":{"start":{"line":7,"column":4},"end":{"line":7,"column":48}},"3":{"start":{"line":8,"column":20},"end":{"line":8,"column":59}},"4":{"start":{"line":9,"column":16},"end":{"line":9,"column":56}},"5":{"start":{"line":11,"column":0},"end":{"line":11,"column":61}},"6":{"start":{"line":12,"column":0},"end":{"line":12,"column":47}},"7":{"start":{"line":13,"column":0},"end":{"line":13,"column":55}},"8":{"start":{"line":15,"column":0},"end":{"line":15,"column":24}}},"fnMap":{},"branchMap":{},"s":{"0":2,"1":2,"2":2,"3":2,"4":2,"5":2,"6":2,"7":2,"8":2},"f":{},"b":{},"_coverageSchema":"1a1c01bbd47fc00a2c39e90264f33305004495a9","hash":"8d1cd98dfe2e29537c2acd2c11c79f0812ca595c"}
,"C:\\Users\\hp\\OneDrive\\Desktop\\incubytes\\car-dealership-inventory\\backend\\src\\routes\\userRoutes.js": {"path":"C:\\Users\\hp\\OneDrive\\Desktop\\incubytes\\car-dealership-inventory\\backend\\src\\routes\\userRoutes.js","statementMap":{"0":{"start":{"line":1,"column":16},"end":{"line":1,"column":34}},"1":{"start":{"line":2,"column":15},"end":{"line":2,"column":31}},"2":{"start":{"line":9,"column":4},"end":{"line":9,"column":44}},"3":{"start":{"line":10,"column":20},"end":{"line":10,"column":59}},"4":{"start":{"line":11,"column":16},"end":{"line":11,"column":56}},"5":{"start":{"line":14,"column":0},"end":{"line":14,"column":48}},"6":{"start":{"line":15,"column":0},"end":{"line":15,"column":51}},"7":{"start":{"line":18,"column":0},"end":{"line":18,"column":51}},"8":{"start":{"line":19,"column":0},"end":{"line":19,"column":56}},"9":{"start":{"line":20,"column":0},"end":{"line":20,"column":62}},"10":{"start":{"line":22,"column":0},"end":{"line":22,"column":24}}},"fnMap":{},"branchMap":{},"s":{"0":2,"1":2,"2":2,"3":2,"4":2,"5":2,"6":2,"7":2,"8":2,"9":2,"10":2},"f":{},"b":{},"_coverageSchema":"1a1c01bbd47fc00a2c39e90264f33305004495a9","hash":"7e0880a2934f025679895a660ac3b2a4655db18c"}
,"C:\\Users\\hp\\OneDrive\\Desktop\\incubytes\\car-dealership-inventory\\backend\\src\\routes\\vehicleRoutes.js": {"path":"C:\\Users\\hp\\OneDrive\\Desktop\\incubytes\\car-dealership-inventory\\backend\\src\\routes\\vehicleRoutes.js","statementMap":{"0":{"start":{"line":1,"column":16},"end":{"line":1,"column":34}},"1":{"start":{"line":2,"column":15},"end":{"line":2,"column":31}},"2":{"start":{"line":12,"column":4},"end":{"line":12,"column":47}},"3":{"start":{"line":13,"column":20},"end":{"line":13,"column":59}},"4":{"start":{"line":14,"column":16},"end":{"line":14,"column":56}},"5":{"start":{"line":15,"column":15},"end":{"line":15,"column":56}},"6":{"start":{"line":17,"column":0},"end":{"line":17,"column":51}},"7":{"start":{"line":18,"column":0},"end":{"line":18,"column":42}},"8":{"start":{"line":19,"column":0},"end":{"line":19,"column":48}},"9":{"start":{"line":20,"column":0},"end":{"line":20,"column":78}},"10":{"start":{"line":21,"column":0},"end":{"line":21,"column":83}},"11":{"start":{"line":22,"column":0},"end":{"line":22,"column":59}},"12":{"start":{"line":23,"column":0},"end":{"line":23,"column":59}},"13":{"start":{"line":24,"column":0},"end":{"line":24,"column":66}},"14":{"start":{"line":26,"column":0},"end":{"line":26,"column":24}}},"fnMap":{},"branchMap":{},"s":{"0":2,"1":2,"2":2,"3":2,"4":2,"5":2,"6":2,"7":2,"8":2,"9":2,"10":2,"11":2,"12":2,"13":2,"14":2},"f":{},"b":{},"_coverageSchema":"1a1c01bbd47fc00a2c39e90264f33305004495a9","hash":"6d8c5c03df3a5d278114a8ba8c1268e0c31fcf1e"}
,"C:\\Users\\hp\\OneDrive\\Desktop\\incubytes\\car-dealership-inventory\\backend\\tests\\setup.js": {"path":"C:\\Users\\hp\\OneDrive\\Desktop\\incubytes\\car-dealership-inventory\\backend\\tests\\setup.js","statementMap":{"0":{"start":{"line":1,"column":0},"end":{"line":1,"column":27}},"1":{"start":{"line":2,"column":30},"end":{"line":2,"column":62}},"2":{"start":{"line":3,"column":17},"end":{"line":3,"column":36}},"3":{"start":{"line":7,"column":16},"end":{"line":11,"column":1}},"4":{"start":{"line":8,"column":2},"end":{"line":8,"column":49}},"5":{"start":{"line":9,"column":14},"end":{"line":9,"column":34}},"6":{"start":{"line":10,"column":2},"end":{"line":10,"column":30}},"7":{"start":{"line":13,"column":22},"end":{"line":17,"column":1}},"8":{"start":{"line":14,"column":2},"end":{"line":14,"column":43}},"9":{"start":{"line":15,"column":2},"end":{"line":15,"column":36}},"10":{"start":{"line":16,"column":2},"end":{"line":16,"column":27}},"11":{"start":{"line":19,"column":22},"end":{"line":24,"column":1}},"12":{"start":{"line":20,"column":22},"end":{"line":20,"column":53}},"13":{"start":{"line":21,"column":2},"end":{"line":23,"column":3}},"14":{"start":{"line":22,"column":4},"end":{"line":22,"column":40}},"15":{"start":{"line":26,"column":0},"end":{"line":26,"column":59}}},"fnMap":{"0":{"name":"(anonymous_0)","decl":{"start":{"line":7,"column":16},"end":{"line":7,"column":17}},"loc":{"start":{"line":7,"column":28},"end":{"line":11,"column":1}},"line":7},"1":{"name":"(anonymous_1)","decl":{"start":{"line":13,"column":22},"end":{"line":13,"column":23}},"loc":{"start":{"line":13,"column":34},"end":{"line":17,"column":1}},"line":13},"2":{"name":"(anonymous_2)","decl":{"start":{"line":19,"column":22},"end":{"line":19,"column":23}},"loc":{"start":{"line":19,"column":34},"end":{"line":24,"column":1}},"line":19}},"branchMap":{},"s":{"0":2,"1":2,"2":2,"3":2,"4":2,"5":2,"6":2,"7":2,"8":2,"9":2,"10":2,"11":2,"12":20,"13":20,"14":60,"15":2},"f":{"0":2,"1":2,"2":20},"b":{},"_coverageSchema":"1a1c01bbd47fc00a2c39e90264f33305004495a9","hash":"249339e29747e8427863be086285e8d87fe93917"}
}
