TN:
SF:src\app.js
FNF:0
FNH:0
DA:1,2
DA:2,2
DA:3,2
DA:4,2
DA:5,2
DA:6,2
DA:8,2
DA:10,2
DA:15,2
DA:17,2
DA:18,2
DA:19,2
DA:20,2
DA:22,2
LF:14
LH:14
BRF:0
BRH:0
end_of_record
TN:
SF:src\controllers\authController.js
FN:6,(anonymous_0)
FN:47,(anonymous_1)
FNF:2
FNH:2
FNDA:36,(anonymous_0)
FNDA:32,(anonymous_1)
DA:1,2
DA:2,2
DA:3,2
DA:6,2
DA:7,36
DA:8,36
DA:10,36
DA:11,1
DA:14,35
DA:15,35
DA:16,1
DA:19,34
DA:20,34
DA:22,34
DA:28,34
DA:34,34
DA:42,0
DA:47,2
DA:48,32
DA:49,32
DA:51,32
DA:52,32
DA:53,0
DA:56,32
DA:57,32
DA:58,1
DA:61,31
DA:67,31
DA:75,0
DA:79,2
LF:30
LH:27
BRDA:10,0,0,1
BRDA:10,0,1,35
BRDA:10,1,0,36
BRDA:10,1,1,35
BRDA:10,1,2,35
BRDA:15,2,0,1
BRDA:15,2,1,34
BRDA:52,3,0,0
BRDA:52,3,1,32
BRDA:57,4,0,1
BRDA:57,4,1,31
BRF:11
BRH:10
end_of_record
TN:
SF:src\controllers\purchaseController.js
FN:4,(anonymous_0)
FN:18,(anonymous_1)
FN:31,(anonymous_2)
FNF:3
FNH:0
FNDA:0,(anonymous_0)
FNDA:0,(anonymous_1)
FNDA:0,(anonymous_2)
DA:1,2
DA:4,2
DA:5,0
DA:6,0
DA:11,0
DA:13,0
DA:18,2
DA:19,0
DA:20,0
DA:24,0
DA:26,0
DA:31,2
DA:32,0
DA:33,0
DA:36,0
DA:37,0
DA:39,0
DA:52,0
DA:54,0
DA:58,2
LF:20
LH:5
BRF:0
BRH:0
end_of_record
TN:
SF:src\controllers\userController.js
FN:5,(anonymous_0)
FN:15,(anonymous_1)
FN:28,(anonymous_2)
FN:59,(anonymous_3)
FN:72,(anonymous_4)
FNF:5
FNH:0
FNDA:0,(anonymous_0)
FNDA:0,(anonymous_1)
FNDA:0,(anonymous_2)
FNDA:0,(anonymous_3)
FNDA:0,(anonymous_4)
DA:1,2
DA:2,2
DA:5,2
DA:6,0
DA:7,0
DA:8,0
DA:10,0
DA:15,2
DA:16,0
DA:17,0
DA:18,0
DA:19,0
DA:21,0
DA:23,0
DA:28,2
DA:29,0
DA:30,0
DA:31,0
DA:33,0
DA:34,0
DA:37,0
DA:38,0
DA:40,0
DA:41,0
DA:42,0
DA:45,0
DA:47,0
DA:54,0
DA:59,2
DA:60,0
DA:61,0
DA:62,0
DA:63,0
DA:65,0
DA:67,0
DA:72,2
DA:73,0
DA:74,0
DA:75,0
DA:81,0
DA:82,0
DA:85,0
DA:87,0
DA:91,2
LF:44
LH:8
BRDA:18,0,0,0
BRDA:18,0,1,0
BRDA:33,1,0,0
BRDA:33,1,1,0
BRDA:37,2,0,0
BRDA:37,2,1,0
BRDA:38,3,0,0
BRDA:38,3,1,0
BRDA:40,4,0,0
BRDA:40,4,1,0
BRDA:62,5,0,0
BRDA:62,5,1,0
BRDA:81,6,0,0
BRDA:81,6,1,0
BRF:14
BRH:0
end_of_record
TN:
SF:src\controllers\vehicleController.js
FN:5,(anonymous_0)
FN:14,(anonymous_1)
FN:34,(anonymous_2)
FN:64,(anonymous_3)
FN:77,(anonymous_4)
FN:100,(anonymous_5)
FN:105,(anonymous_6)
FN:125,(anonymous_7)
FN:140,(anonymous_8)
FN:171,(anonymous_9)
FNF:10
FNH:7
FNDA:14,(anonymous_0)
FNDA:0,(anonymous_1)
FNDA:2,(anonymous_2)
FNDA:0,(anonymous_3)
FNDA:2,(anonymous_4)
FNDA:1,(anonymous_5)
FNDA:0,(anonymous_6)
FNDA:1,(anonymous_7)
FNDA:2,(anonymous_8)
FNDA:1,(anonymous_9)
DA:1,2
DA:2,2
DA:5,2
DA:6,14
DA:7,14
DA:9,14
DA:10,1
DA:13,13
DA:14,0
DA:17,13
DA:27,13
DA:29,0
DA:34,2
DA:35,2
DA:36,2
DA:37,2
DA:38,1
DA:54,1
DA:55,1
DA:57,2
DA:59,0
DA:64,2
DA:65,0
DA:66,0
DA:67,0
DA:68,0
DA:70,0
DA:72,0
DA:77,2
DA:78,2
DA:79,2
DA:80,2
DA:82,2
DA:83,2
DA:84,2
DA:86,2
DA:87,1
DA:88,1
DA:89,1
DA:92,2
DA:93,2
DA:95,0
DA:100,2
DA:101,1
DA:102,1
DA:104,1
DA:105,0
DA:108,1
DA:114,1
DA:115,0
DA:118,1
DA:120,0
DA:125,2
DA:126,1
DA:127,1
DA:129,1
DA:130,0
DA:133,1
DA:135,0
DA:140,2
DA:141,2
DA:142,2
DA:144,2
DA:145,0
DA:148,2
DA:149,1
DA:152,1
DA:153,1
DA:156,1
DA:164,1
DA:166,0
DA:171,2
DA:172,1
DA:173,1
DA:174,1
DA:176,1
DA:177,0
DA:180,1
DA:181,1
DA:183,1
DA:185,0
DA:189,2
LF:82
LH:63
BRDA:9,0,0,1
BRDA:9,0,1,13
BRDA:9,1,0,14
BRDA:9,1,1,14
BRDA:9,1,2,13
BRDA:9,1,3,13
BRDA:13,2,0,0
BRDA:13,2,1,13
BRDA:22,3,0,13
BRDA:22,3,1,1
BRDA:37,4,0,1
BRDA:37,4,1,1
BRDA:37,5,0,2
BRDA:37,5,1,2
BRDA:67,6,0,0
BRDA:67,6,1,0
BRDA:82,7,0,1
BRDA:82,7,1,1
BRDA:83,8,0,0
BRDA:83,8,1,2
BRDA:84,9,0,0
BRDA:84,9,1,2
BRDA:86,10,0,1
BRDA:86,10,1,1
BRDA:86,11,0,2
BRDA:86,11,1,1
BRDA:88,12,0,1
BRDA:88,12,1,0
BRDA:89,13,0,1
BRDA:89,13,1,0
BRDA:104,14,0,0
BRDA:104,14,1,1
BRDA:104,15,0,1
BRDA:104,15,1,0
BRDA:114,16,0,0
BRDA:114,16,1,1
BRDA:129,17,0,0
BRDA:129,17,1,1
BRDA:144,18,0,0
BRDA:144,18,1,2
BRDA:148,19,0,1
BRDA:148,19,1,1
BRDA:176,20,0,0
BRDA:176,20,1,1
BRDA:180,21,0,1
BRDA:180,21,1,0
BRF:46
BRH:32
end_of_record
TN:
SF:src\middleware\adminMiddleware.js
FN:1,(anonymous_0)
FNF:1
FNH:1
FNDA:19,(anonymous_0)
DA:1,2
DA:2,19
DA:3,17
DA:5,2
DA:9,2
LF:5
LH:5
BRDA:2,0,0,17
BRDA:2,0,1,2
BRDA:2,1,0,19
BRDA:2,1,1,19
BRF:4
BRH:4
end_of_record
TN:
SF:src\middleware\authMiddleware.js
FN:3,(anonymous_0)
FNF:1
FNH:1
FNDA:27,(anonymous_0)
DA:1,2
DA:3,2
DA:4,27
DA:6,27
DA:7,1
DA:10,26
DA:12,26
DA:13,26
DA:14,25
DA:15,25
DA:17,1
DA:21,2
LF:12
LH:12
BRDA:6,0,0,1
BRDA:6,0,1,26
BRDA:6,1,0,27
BRDA:6,1,1,26
BRF:4
BRH:4
end_of_record
TN:
SF:src\middleware\uploadMiddleware.js
FN:5,(anonymous_0)
FN:8,(anonymous_1)
FN:14,(anonymous_2)
FNF:3
FNH:0
FNDA:0,(anonymous_0)
FNDA:0,(anonymous_1)
FNDA:0,(anonymous_2)
DA:1,2
DA:2,2
DA:4,2
DA:6,0
DA:9,0
DA:10,0
DA:14,2
DA:15,0
DA:16,0
DA:19,0
DA:20,0
DA:22,0
DA:26,2
DA:32,2
LF:14
LH:6
BRDA:19,0,0,0
BRDA:19,0,1,0
BRF:2
BRH:0
end_of_record
TN:
SF:src\models\Purchase.js
FNF:0
FNH:0
DA:1,2
DA:3,2
DA:28,2
LF:3
LH:3
BRF:0
BRH:0
end_of_record
TN:
SF:src\models\User.js
FNF:0
FNH:0
DA:1,2
DA:3,2
DA:24,2
LF:3
LH:3
BRF:0
BRH:0
end_of_record
TN:
SF:src\models\Vehicle.js
FNF:0
FNH:0
DA:1,2
DA:3,2
DA:35,2
LF:3
LH:3
BRF:0
BRH:0
end_of_record
TN:
SF:src\routes\authRoutes.js
FNF:0
FNH:0
DA:1,2
DA:2,2
DA:3,2
DA:5,2
DA:6,2
DA:8,2
LF:6
LH:6
BRF:0
BRH:0
end_of_record
TN:
SF:src\routes\purchaseRoutes.js
FNF:0
FNH:0
DA:1,2
DA:2,2
DA:7,2
DA:8,2
DA:9,2
DA:11,2
DA:12,2
DA:13,2
DA:15,2
LF:9
LH:9
BRF:0
BRH:0
end_of_record
TN:
SF:src\routes\userRoutes.js
FNF:0
FNH:0
DA:1,2
DA:2,2
DA:9,2
DA:10,2
DA:11,2
DA:14,2
DA:15,2
DA:18,2
DA:19,2
DA:20,2
DA:22,2
LF:11
LH:11
BRF:0
BRH:0
end_of_record
TN:
SF:src\routes\vehicleRoutes.js
FNF:0
FNH:0
DA:1,2
DA:2,2
DA:12,2
DA:13,2
DA:14,2
DA:15,2
DA:17,2
DA:18,2
DA:19,2
DA:20,2
DA:21,2
DA:22,2
DA:23,2
DA:24,2
DA:26,2
LF:15
LH:15
BRF:0
BRH:0
end_of_record
TN:
SF:tests\setup.js
FN:7,(anonymous_0)
FN:13,(anonymous_1)
FN:19,(anonymous_2)
FNF:3
FNH:3
FNDA:2,(anonymous_0)
FNDA:2,(anonymous_1)
FNDA:20,(anonymous_2)
DA:1,2
DA:2,2
DA:3,2
DA:7,2
DA:8,2
DA:9,2
DA:10,2
DA:13,2
DA:14,2
DA:15,2
DA:16,2
DA:19,2
DA:20,20
DA:21,20
DA:22,60
DA:26,2
LF:16
LH:16
BRF:0
BRH:0
end_of_record
